<?xml version="1.0" encoding="UTF-8"?>
<!-- Generated by org.testng.reporters.JUnitReportReporter -->
<testsuite hostname="LAPTOP-ES0GIFHN" failures="0" tests="1" name="com.crm.tests.OppWithInvalidCloseDate" time="8.658" errors="0" timestamp="2021-08-15T22:52:07 IST" skipped="0">
  <testcase classname="com.crm.tests.OppWithInvalidCloseDate" name="createOpportunityWithValidDetails" time="8.658"/>
  <system-out/>
</testsuite> <!-- com.crm.tests.OppWithInvalidCloseDate -->
