<?xml version="1.0" encoding="UTF-8"?>
<!-- Generated by org.testng.reporters.JUnitReportReporter -->
<testsuite hostname="LAPTOP-ES0GIFHN" failures="0" tests="1" name="com.crm.tests.CreateUserTestScript" time="5.747" errors="0" timestamp="2021-07-30T15:04:27 IST" skipped="0">
  <testcase classname="com.crm.tests.CreateUserTestScript" name="createNewUser" time="5.747"/>
  <system-out/>
</testsuite> <!-- com.crm.tests.CreateUserTestScript -->
