<?xml version="1.0" encoding="UTF-8"?>
<!-- Generated by org.testng.reporters.JUnitReportReporter -->
<testsuite hostname="LAPTOP-ES0GIFHN" failures="0" tests="1" name="com.crm.tests.AccountWithInvalidPhoneNum" time="6.978" errors="0" timestamp="2021-08-15T19:05:06 IST" skipped="0">
  <testcase classname="com.crm.tests.AccountWithInvalidPhoneNum" name="createAccountWithoutName" time="6.978"/>
  <system-out/>
</testsuite> <!-- com.crm.tests.AccountWithInvalidPhoneNum -->
