<?xml version="1.0" encoding="UTF-8"?>
<!-- Generated by org.testng.reporters.JUnitReportReporter -->
<testsuite hostname="LAPTOP-ES0GIFHN" failures="0" tests="3" name="com.crm.tests.CreateAccountTestScript" time="16.816" errors="0" timestamp="2021-08-26T10:00:25 IST" skipped="0">
  <testcase classname="com.crm.tests.CreateAccountTestScript" name="createAccountWithBillingAddress" time="10.289"/>
  <system-out/>
  <testcase classname="com.crm.tests.CreateAccountTestScript" name="editAccountDetails" time="5.644"/>
  <system-out/>
  <testcase classname="com.crm.tests.CreateAccountTestScript" name="validateAccountDetails" time="0.883"/>
  <system-out/>
</testsuite> <!-- com.crm.tests.CreateAccountTestScript -->
