<?xml version="1.0" encoding="UTF-8"?>
<!-- Generated by org.testng.reporters.JUnitReportReporter -->
<testsuite hostname="LAPTOP-ES0GIFHN" failures="0" tests="1" name="com.crm.tests.AccountWithoutValidPhoneNum" time="7.089" errors="0" timestamp="2021-08-15T18:45:22 IST" skipped="0">
  <testcase classname="com.crm.tests.AccountWithoutValidPhoneNum" name="createAccountWithoutName" time="7.089"/>
  <system-out/>
</testsuite> <!-- com.crm.tests.AccountWithoutValidPhoneNum -->
