<?xml version="1.0" encoding="UTF-8"?>
<!-- Generated by org.testng.reporters.JUnitReportReporter -->
<testsuite hostname="LAPTOP-ES0GIFHN" failures="0" tests="1" name="com.crm.tests.LoginTestCase1" time="0.444" errors="0" timestamp="2021-08-15T17:32:56 IST" skipped="0">
  <testcase classname="com.crm.tests.LoginTestCase1" name="loginWithInvalidUserName" time="0.444"/>
  <system-out/>
</testsuite> <!-- com.crm.tests.LoginTestCase1 -->
