<?xml version="1.0" encoding="UTF-8"?>
<!-- Generated by org.testng.reporters.JUnitReportReporter -->
<testsuite hostname="LAPTOP-ES0GIFHN" failures="0" tests="1" name="com.crm.tests.LoginTestCase3UP" time="0.572" errors="0" timestamp="2021-08-15T17:48:05 IST" skipped="0">
  <testcase classname="com.crm.tests.LoginTestCase3UP" name="loginWithInvalidUserName" time="0.572"/>
  <system-out/>
</testsuite> <!-- com.crm.tests.LoginTestCase3UP -->
