<?xml version="1.0" encoding="UTF-8"?>
<!-- Generated by org.testng.reporters.JUnitReportReporter -->
<testsuite hostname="LAPTOP-ES0GIFHN" failures="0" tests="1" name="com.crm.tests.SampleScreenShot" time="0.582" errors="0" timestamp="2021-08-04T14:52:02 IST" skipped="0">
  <testcase classname="com.crm.tests.SampleScreenShot" name="loginToCrmApplication" time="0.582"/>
  <system-out/>
</testsuite> <!-- com.crm.tests.SampleScreenShot -->
