<?xml version="1.0" encoding="UTF-8"?>
<!-- Generated by org.testng.reporters.JUnitReportReporter -->
<testsuite hostname="LAPTOP-ES0GIFHN" failures="0" tests="1" name="com.crm.tests.OppWithoutName" time="8.706" errors="0" timestamp="2021-08-15T22:39:02 IST" skipped="0">
  <testcase classname="com.crm.tests.OppWithoutName" name="createOpportunityWithValidDetails" time="8.706"/>
  <system-out/>
</testsuite> <!-- com.crm.tests.OppWithoutName -->
