<?xml version="1.0" encoding="UTF-8"?>
<!-- Generated by org.testng.reporters.JUnitReportReporter -->
<testsuite hostname="LAPTOP-ES0GIFHN" failures="0" tests="1" name="com.crm.tests.AccountWithInvalidEmail" time="9.191" errors="0" timestamp="2021-08-15T22:21:00 IST" skipped="0">
  <testcase classname="com.crm.tests.AccountWithInvalidEmail" name="createAccountWithoutName" time="9.191"/>
  <system-out/>
</testsuite> <!-- com.crm.tests.AccountWithInvalidEmail -->
