<?xml version="1.0" encoding="UTF-8"?>
<!-- Generated by org.testng.reporters.JUnitReportReporter -->
<testsuite hostname="LAPTOP-ES0GIFHN" failures="0" tests="1" name="com.crm.tests.LoginTestCase2IP" time="0.426" errors="0" timestamp="2021-08-15T17:37:36 IST" skipped="0">
  <testcase classname="com.crm.tests.LoginTestCase2IP" name="loginWithInvalidUserName" time="0.426"/>
  <system-out/>
</testsuite> <!-- com.crm.tests.LoginTestCase2IP -->
