<?xml version="1.0" encoding="UTF-8"?>
<!-- Generated by org.testng.reporters.JUnitReportReporter -->
<testsuite hostname="LAPTOP-ES0GIFHN" failures="0" tests="4" name="com.crm.tests.CreateOpportunityTestScript" time="18.977" errors="0" timestamp="2021-08-04T07:29:06 IST" skipped="0">
  <testcase classname="com.crm.tests.CreateOpportunityTestScript" name="createOpportunityWithValidDetails" time="9.638"/>
  <system-out/>
  <testcase classname="com.crm.tests.CreateOpportunityTestScript" name="editOpportunityWithValidDetails" time="2.691"/>
  <system-out/>
  <testcase classname="com.crm.tests.CreateOpportunityTestScript" name="validateOpportunityDetails" time="6.242"/>
  <system-out/>
  <testcase classname="com.crm.tests.CreateOpportunityTestScript" name="deleteOpportunity" time="0.406"/>
  <system-out/>
</testsuite> <!-- com.crm.tests.CreateOpportunityTestScript -->
