<?xml version="1.0" encoding="UTF-8"?>
<!-- Generated by org.testng.reporters.JUnitReportReporter -->
<testsuite hostname="LAPTOP-ES0GIFHN" failures="0" tests="2" name="com.crm.tests.CreateAccountTestScript" time="16.948" errors="0" timestamp="2021-08-17T14:47:02 IST" skipped="0">
  <testcase classname="com.crm.tests.CreateAccountTestScript" name="createAccountWithBillingAddress" time="10.947"/>
  <system-out/>
  <testcase classname="com.crm.tests.CreateAccountTestScript" name="editAccountDetails" time="6.001"/>
  <system-out/>
</testsuite> <!-- com.crm.tests.CreateAccountTestScript -->
