<?xml version="1.0" encoding="UTF-8"?>
<!-- Generated by org.testng.reporters.JUnitReportReporter -->
<testsuite hostname="LAPTOP-ES0GIFHN" failures="0" tests="3" name="com.crm.tests.OpportunityTestCase" time="16.442" errors="0" timestamp="2021-08-03T13:26:57 IST" skipped="0">
  <testcase classname="com.crm.tests.OpportunityTestCase" name="createOpportunityWithValidDetails" time="8.512"/>
  <system-out/>
  <testcase classname="com.crm.tests.OpportunityTestCase" name="editOpportunityWithValidDetails" time="1.732"/>
  <system-out/>
  <testcase classname="com.crm.tests.OpportunityTestCase" name="validateOpportunityDetails" time="6.198"/>
  <system-out/>
</testsuite> <!-- com.crm.tests.OpportunityTestCase -->
