<?xml version="1.0" encoding="UTF-8"?>
<!-- Generated by org.testng.reporters.JUnitReportReporter -->
<testsuite hostname="LAPTOP-ES0GIFHN" failures="0" tests="1" name="com.crm.tests.AccountWithInvalidName" time="8.404" errors="0" timestamp="2021-08-15T22:20:09 IST" skipped="0">
  <testcase classname="com.crm.tests.AccountWithInvalidName" name="createAccountWithoutName" time="8.404"/>
  <system-out/>
</testsuite> <!-- com.crm.tests.AccountWithInvalidName -->
