<?xml version="1.0" encoding="UTF-8"?>
<!-- Generated by org.testng.reporters.JUnitReportReporter -->
<testsuite hostname="LAPTOP-ES0GIFHN" failures="0" tests="1" name="com.crm.tests.AccountsAddTestScript" time="7.798" errors="0" timestamp="2021-08-16T14:47:30 IST" skipped="0">
  <testcase classname="com.crm.tests.AccountsAddTestScript" name="createAccountWithBillingAddress" time="7.798"/>
  <system-out/>
</testsuite> <!-- com.crm.tests.AccountsAddTestScript -->
